# JRE version: OpenJDK Runtime Environment (11.0.10) (build 11.0.10+0-b96-7249189)
# Java VM: OpenJDK 64-Bit Server VM (11.0.10+0-b96-7249189, mixed mode, tiered, compressed oops, g1 gc, windows-amd64)
Heap:
 garbage-first heap   total 407552K, used 205520K [0x0000000080000000, 0x0000000100000000)
  region size 1024K, 5 young (5120K), 5 survivors (5120K)
 Metaspace       used 140470K, capacity 144793K, committed 145100K, reserved 1175552K
  class space    used 17573K, capacity 19115K, committed 19200K, reserved 1048576K
GC Heap History (20 events):
Event: 1138.827 GC heap after
{Heap after GC invocations=75 (full 0):
 garbage-first heap   total 227328K, used 134569K [0x0000000080000000, 0x0000000100000000)
  region size 1024K, 3 young (3072K), 3 survivors (3072K)
 Metaspace       used 129425K, capacity 133039K, committed 133196K, reserved 1165312K
  class space    used 15955K, capacity 17229K, committed 17280K, reserved 1048576K
}
Event: 1138.854 GC heap before
{Heap before GC invocations=75 (full 0):
 garbage-first heap   total 227328K, used 136617K [0x0000000080000000, 0x0000000100000000)
  region size 1024K, 5 young (5120K), 3 survivors (3072K)
 Metaspace       used 129505K, capacity 133045K, committed 133196K, reserved 1165312K
  class space    used 15961K, capacity 17231K, committed 17280K, reserved 1048576K
}
Event: 1138.859 GC heap after
{Heap after GC invocations=76 (full 0):
 garbage-first heap   total 227328K, used 135619K [0x0000000080000000, 0x0000000100000000)
  region size 1024K, 3 young (3072K), 3 survivors (3072K)
 Metaspace       used 129505K, capacity 133045K, committed 133196K, reserved 1165312K
  class space    used 15961K, capacity 17231K, committed 17280K, reserved 1048576K
}
Event: 1139.267 GC heap before
{Heap before GC invocations=77 (full 0):
 garbage-first heap   total 227328K, used 176579K [0x0000000080000000, 0x0000000100000000)
  region size 1024K, 41 young (41984K), 3 survivors (3072K)
 Metaspace       used 131310K, capacity 135027K, committed 135244K, reserved 1167360K
  class space    used 16217K, capacity 17527K, committed 17536K, reserved 1048576K
}
Event: 1139.280 GC heap after
{Heap after GC invocations=78 (full 0):
 garbage-first heap   total 227328K, used 145677K [0x0000000080000000, 0x0000000100000000)
  region size 1024K, 6 young (6144K), 6 survivors (6144K)
 Metaspace       used 131310K, capacity 135027K, committed 135244K, reserved 1167360K
  class space    used 16217K, capacity 17527K, committed 17536K, reserved 1048576K
}
Event: 1139.300 GC heap before
{Heap before GC invocations=78 (full 0):
 garbage-first heap   total 227328K, used 150797K [0x0000000080000000, 0x0000000100000000)
  region size 1024K, 11 young (11264K), 6 survivors (6144K)
 Metaspace       used 131346K, capacity 135032K, committed 135244K, reserved 1167360K
  class space    used 16218K, capacity 17527K, committed 17536K, reserved 1048576K
}
Event: 1139.312 GC heap after
{Heap after GC invocations=79 (full 0):
 garbage-first heap   total 227328K, used 145741K [0x0000000080000000, 0x0000000100000000)
  region size 1024K, 2 young (2048K), 2 survivors (2048K)
 Metaspace       used 131346K, capacity 135032K, committed 135244K, reserved 1167360K
  class space    used 16218K, capacity 17527K, committed 17536K, reserved 1048576K
}
Event: 1139.414 GC heap before
{Heap before GC invocations=79 (full 0):
 garbage-first heap   total 227328K, used 178509K [0x0000000080000000, 0x0000000100000000)
  region size 1024K, 35 young (35840K), 2 survivors (2048K)
 Metaspace       used 131835K, capacity 135662K, committed 135884K, reserved 1167360K
  class space    used 16310K, capacity 17659K, committed 17664K, reserved 1048576K
}
Event: 1139.428 GC heap after
{Heap after GC invocations=80 (full 0):
 garbage-first heap   total 227328K, used 156324K [0x0000000080000000, 0x0000000100000000)
  region size 1024K, 5 young (5120K), 5 survivors (5120K)
 Metaspace       used 131835K, capacity 135662K, committed 135884K, reserved 1167360K
  class space    used 16310K, capacity 17659K, committed 17664K, reserved 1048576K
}
Event: 1139.775 GC heap before
{Heap before GC invocations=80 (full 0):
 garbage-first heap   total 227328K, used 182948K [0x0000000080000000, 0x0000000100000000)
  region size 1024K, 32 young (32768K), 5 survivors (5120K)
 Metaspace       used 136290K, capacity 140440K, committed 140748K, reserved 1171456K
  class space    used 17071K, capacity 18563K, committed 18688K, reserved 1048576K
}
Event: 1139.786 GC heap after
{Heap after GC invocations=81 (full 0):
 garbage-first heap   total 227328K, used 160082K [0x0000000080000000, 0x0000000100000000)
  region size 1024K, 4 young (4096K), 4 survivors (4096K)
 Metaspace       used 136290K, capacity 140440K, committed 140748K, reserved 1171456K
  class space    used 17071K, capacity 18563K, committed 18688K, reserved 1048576K
}
Event: 1139.955 GC heap before
{Heap before GC invocations=81 (full 0):
 garbage-first heap   total 227328K, used 185682K [0x0000000080000000, 0x0000000100000000)
  region size 1024K, 30 young (30720K), 4 survivors (4096K)
 Metaspace       used 137579K, capacity 141828K, committed 141900K, reserved 1173504K
  class space    used 17271K, capacity 18789K, committed 18816K, reserved 1048576K
}
Event: 1139.966 GC heap after
{Heap after GC invocations=82 (full 0):
 garbage-first heap   total 282624K, used 162781K [0x0000000080000000, 0x0000000100000000)
  region size 1024K, 3 young (3072K), 3 survivors (3072K)
 Metaspace       used 137579K, capacity 141828K, committed 141900K, reserved 1173504K
  class space    used 17271K, capacity 18789K, committed 18816K, reserved 1048576K
}
Event: 1140.793 GC heap before
{Heap before GC invocations=83 (full 0):
 garbage-first heap   total 282624K, used 225245K [0x0000000080000000, 0x0000000100000000)
  region size 1024K, 50 young (51200K), 3 survivors (3072K)
 Metaspace       used 139459K, capacity 143657K, committed 143948K, reserved 1173504K
  class space    used 17428K, capacity 18936K, committed 19072K, reserved 1048576K
}
Event: 1140.804 GC heap after
{Heap after GC invocations=84 (full 0):
 garbage-first heap   total 282624K, used 175765K [0x0000000080000000, 0x0000000100000000)
  region size 1024K, 7 young (7168K), 7 survivors (7168K)
 Metaspace       used 139459K, capacity 143657K, committed 143948K, reserved 1173504K
  class space    used 17428K, capacity 18936K, committed 19072K, reserved 1048576K
}
Event: 1140.845 GC heap before
{Heap before GC invocations=84 (full 0):
 garbage-first heap   total 282624K, used 180885K [0x0000000080000000, 0x0000000100000000)
  region size 1024K, 13 young (13312K), 7 survivors (7168K)
 Metaspace       used 139501K, capacity 143722K, committed 144204K, reserved 1175552K
  class space    used 17428K, capacity 18936K, committed 19072K, reserved 1048576K
}
Event: 1140.860 GC heap after
{Heap after GC invocations=85 (full 0):
 garbage-first heap   total 282624K, used 170347K [0x0000000080000000, 0x0000000100000000)
  region size 1024K, 2 young (2048K), 2 survivors (2048K)
 Metaspace       used 139501K, capacity 143722K, committed 144204K, reserved 1175552K
  class space    used 17428K, capacity 18936K, committed 19072K, reserved 1048576K
}
Event: 1141.323 GC heap before
{Heap before GC invocations=85 (full 0):
 garbage-first heap   total 282624K, used 216427K [0x0000000080000000, 0x0000000100000000)
  region size 1024K, 48 young (49152K), 2 survivors (2048K)
 Metaspace       used 140275K, capacity 144562K, committed 144844K, reserved 1175552K
  class space    used 17566K, capacity 19111K, committed 19200K, reserved 1048576K
}
Event: 1141.353 GC heap after
{Heap after GC invocations=86 (full 0):
 garbage-first heap   total 282624K, used 193440K [0x0000000080000000, 0x0000000100000000)
  region size 1024K, 6 young (6144K), 6 survivors (6144K)
 Metaspace       used 140275K, capacity 144562K, committed 144844K, reserved 1175552K
  class space    used 17566K, capacity 19111K, committed 19200K, reserved 1048576K
}
Event: 1141.606 GC heap before
{Heap before GC invocations=86 (full 0):
 garbage-first heap   total 282624K, used 224160K [0x0000000080000000, 0x0000000100000000)
  region size 1024K, 37 young (37888K), 6 survivors (6144K)
 Metaspace       used 140470K, capacity 144793K, committed 145100K, reserved 1175552K
  class space    used 17573K, capacity 19115K, committed 19200K, reserved 1048576K
}

