# JRE version: OpenJDK Runtime Environment (11.0.10) (build 11.0.10+0-b96-7249189)
# Java VM: OpenJDK 64-Bit Server VM (11.0.10+0-b96-7249189, mixed mode, tiered, compressed oops, g1 gc, windows-amd64)
Heap:
 garbage-first heap   total 338944K, used 208128K [0x0000000080000000, 0x0000000100000000)
  region size 1024K, 30 young (30720K), 4 survivors (4096K)
 Metaspace       used 117117K, capacity 120253K, committed 121804K, reserved 1155072K
  class space    used 14919K, capacity 16105K, committed 16844K, reserved 1048576K
GC Heap History (20 events):
Event: 23.680 GC heap before
{Heap before GC invocations=33 (full 0):
 garbage-first heap   total 189440K, used 149509K [0x0000000080000000, 0x0000000100000000)
  region size 1024K, 59 young (60416K), 4 survivors (4096K)
 Metaspace       used 107905K, capacity 110493K, committed 110668K, reserved 1144832K
  class space    used 13594K, capacity 14571K, committed 14668K, reserved 1048576K
}
Event: 23.697 GC heap after
{Heap after GC invocations=34 (full 0):
 garbage-first heap   total 189440K, used 103891K [0x0000000080000000, 0x0000000100000000)
  region size 1024K, 8 young (8192K), 8 survivors (8192K)
 Metaspace       used 107905K, capacity 110493K, committed 110668K, reserved 1144832K
  class space    used 13594K, capacity 14571K, committed 14668K, reserved 1048576K
}
Event: 23.966 GC heap before
{Heap before GC invocations=34 (full 0):
 garbage-first heap   total 189440K, used 147923K [0x0000000080000000, 0x0000000100000000)
  region size 1024K, 52 young (53248K), 8 survivors (8192K)
 Metaspace       used 110886K, capacity 113997K, committed 114124K, reserved 1148928K
  class space    used 14169K, capacity 15455K, committed 15564K, reserved 1048576K
}
Event: 23.999 GC heap after
{Heap after GC invocations=35 (full 0):
 garbage-first heap   total 189440K, used 114911K [0x0000000080000000, 0x0000000100000000)
  region size 1024K, 7 young (7168K), 7 survivors (7168K)
 Metaspace       used 110886K, capacity 113997K, committed 114124K, reserved 1148928K
  class space    used 14169K, capacity 15455K, committed 15564K, reserved 1048576K
}
Event: 24.407 GC heap before
{Heap before GC invocations=36 (full 0):
 garbage-first heap   total 189440K, used 150751K [0x0000000080000000, 0x0000000100000000)
  region size 1024K, 42 young (43008K), 7 survivors (7168K)
 Metaspace       used 114197K, capacity 117463K, committed 117580K, reserved 1150976K
  class space    used 14737K, capacity 16109K, committed 16204K, reserved 1048576K
}
Event: 24.430 GC heap after
{Heap after GC invocations=37 (full 0):
 garbage-first heap   total 189440K, used 119572K [0x0000000080000000, 0x0000000100000000)
  region size 1024K, 5 young (5120K), 5 survivors (5120K)
 Metaspace       used 114197K, capacity 117463K, committed 117580K, reserved 1150976K
  class space    used 14737K, capacity 16109K, committed 16204K, reserved 1048576K
}
Event: 24.451 GC heap before
{Heap before GC invocations=37 (full 0):
 garbage-first heap   total 189440K, used 123668K [0x0000000080000000, 0x0000000100000000)
  region size 1024K, 9 young (9216K), 5 survivors (5120K)
 Metaspace       used 114252K, capacity 117533K, committed 117836K, reserved 1150976K
  class space    used 14747K, capacity 16110K, committed 16204K, reserved 1048576K
}
Event: 24.460 GC heap after
{Heap after GC invocations=38 (full 0):
 garbage-first heap   total 189440K, used 118366K [0x0000000080000000, 0x0000000100000000)
  region size 1024K, 1 young (1024K), 1 survivors (1024K)
 Metaspace       used 114252K, capacity 117533K, committed 117836K, reserved 1150976K
  class space    used 14747K, capacity 16110K, committed 16204K, reserved 1048576K
}
Event: 24.664 GC heap before
{Heap before GC invocations=38 (full 0):
 garbage-first heap   total 189440K, used 152158K [0x0000000080000000, 0x0000000100000000)
  region size 1024K, 35 young (35840K), 1 survivors (1024K)
 Metaspace       used 115924K, capacity 119443K, committed 119628K, reserved 1153024K
  class space    used 14991K, capacity 16446K, committed 16460K, reserved 1048576K
}
Event: 24.676 GC heap after
{Heap after GC invocations=39 (full 0):
 garbage-first heap   total 189440K, used 121774K [0x0000000080000000, 0x0000000100000000)
  region size 1024K, 5 young (5120K), 5 survivors (5120K)
 Metaspace       used 115924K, capacity 119443K, committed 119628K, reserved 1153024K
  class space    used 14991K, capacity 16446K, committed 16460K, reserved 1048576K
}
Event: 25.264 GC heap before
{Heap before GC invocations=40 (full 0):
 garbage-first heap   total 189440K, used 169902K [0x0000000080000000, 0x0000000100000000)
  region size 1024K, 38 young (38912K), 5 survivors (5120K)
 Metaspace       used 115898K, capacity 118883K, committed 120780K, reserved 1153024K
  class space    used 14718K, capacity 15853K, committed 16588K, reserved 1048576K
}
Event: 25.278 GC heap after
{Heap after GC invocations=41 (full 0):
 garbage-first heap   total 238592K, used 135792K [0x0000000080000000, 0x0000000100000000)
  region size 1024K, 5 young (5120K), 5 survivors (5120K)
 Metaspace       used 115898K, capacity 118883K, committed 120780K, reserved 1153024K
  class space    used 14718K, capacity 15853K, committed 16588K, reserved 1048576K
}
Event: 25.319 GC heap before
{Heap before GC invocations=41 (full 0):
 garbage-first heap   total 238592K, used 141936K [0x0000000080000000, 0x0000000100000000)
  region size 1024K, 11 young (11264K), 5 survivors (5120K)
 Metaspace       used 115905K, capacity 118884K, committed 120780K, reserved 1153024K
  class space    used 14718K, capacity 15853K, committed 16588K, reserved 1048576K
}
Event: 25.330 GC heap after
{Heap after GC invocations=42 (full 0):
 garbage-first heap   total 238592K, used 138966K [0x0000000080000000, 0x0000000100000000)
  region size 1024K, 2 young (2048K), 2 survivors (2048K)
 Metaspace       used 115905K, capacity 118884K, committed 120780K, reserved 1153024K
  class space    used 14718K, capacity 15853K, committed 16588K, reserved 1048576K
}
Event: 25.773 GC heap before
{Heap before GC invocations=42 (full 0):
 garbage-first heap   total 238592K, used 182998K [0x0000000080000000, 0x0000000100000000)
  region size 1024K, 46 young (47104K), 2 survivors (2048K)
 Metaspace       used 116833K, capacity 119940K, committed 121548K, reserved 1155072K
  class space    used 14913K, capacity 16099K, committed 16844K, reserved 1048576K
}
Event: 25.795 GC heap after
{Heap after GC invocations=43 (full 0):
 garbage-first heap   total 238592K, used 160863K [0x0000000080000000, 0x0000000100000000)
  region size 1024K, 6 young (6144K), 6 survivors (6144K)
 Metaspace       used 116833K, capacity 119940K, committed 121548K, reserved 1155072K
  class space    used 14913K, capacity 16099K, committed 16844K, reserved 1048576K
}
Event: 26.059 GC heap before
{Heap before GC invocations=43 (full 0):
 garbage-first heap   total 238592K, used 187487K [0x0000000080000000, 0x0000000100000000)
  region size 1024K, 33 young (33792K), 6 survivors (6144K)
 Metaspace       used 117026K, capacity 120178K, committed 121804K, reserved 1155072K
  class space    used 14919K, capacity 16105K, committed 16844K, reserved 1048576K
}
Event: 26.087 GC heap after
{Heap after GC invocations=44 (full 0):
 garbage-first heap   total 238592K, used 170673K [0x0000000080000000, 0x0000000100000000)
  region size 1024K, 5 young (5120K), 5 survivors (5120K)
 Metaspace       used 117026K, capacity 120178K, committed 121804K, reserved 1155072K
  class space    used 14919K, capacity 16105K, committed 16844K, reserved 1048576K
}
Event: 26.435 GC heap before
{Heap before GC invocations=44 (full 0):
 garbage-first heap   total 238592K, used 193201K [0x0000000080000000, 0x0000000100000000)
  region size 1024K, 27 young (27648K), 5 survivors (5120K)
 Metaspace       used 117052K, capacity 120180K, committed 121804K, reserved 1155072K
  class space    used 14919K, capacity 16105K, committed 16844K, reserved 1048576K
}
Event: 26.461 GC heap after
{Heap after GC invocations=45 (full 0):
 garbage-first heap   total 338944K, used 177408K [0x0000000080000000, 0x0000000100000000)
  region size 1024K, 4 young (4096K), 4 survivors (4096K)
 Metaspace       used 117052K, capacity 120180K, committed 121804K, reserved 1155072K
  class space    used 14919K, capacity 16105K, committed 16844K, reserved 1048576K
}

